<?xml version="1.0" encoding="UTF-8"?>
<!-- Generated by org.testng.reporters.JUnitReportReporter -->
<testsuite skipped="3" hostname="MSTSYS0194" name="com.automationtraining.smokesuite.Form101" tests="4" failures="0" timestamp="19 Dec 2018 13:17:02 GMT" time="159.841" errors="1">
  <testcase name="formFillingSignin" time="0.000" classname="com.automationtraining.smokesuite.Form101">
    <skipped/>
  </testcase> <!-- formFillingSignin -->
  <testcase name="formFilling101" time="66.281" classname="com.automationtraining.smokesuite.Form101">
    <skipped/>
  </testcase> <!-- formFilling101 -->
  <testcase name="formFilling101" time="65.614" classname="com.automationtraining.smokesuite.Form101">
    <error type="org.openqa.selenium.NoSuchElementException" message="no such element: Unable to locate element: {&quot;method&quot;:&quot;xpath&quot;,&quot;selector&quot;:&quot;.//p[text()=&#039; Thank you for your submission!&#039;]&quot;}
  (Session info: chrome=71.0.3578.98)
  (Driver info: chromedriver=2.38.552522 (437e6fbedfa8762dec75e2c5b3ddb86763dc9dcb),platform=Windows NT 10.0.17134 x86_64) (WARNING: The server did not provide any stacktrace information)
Command duration or timeout: 260 milliseconds
For documentation on this error, please visit: http://seleniumhq.org/exceptions/no_such_element.html
Build info: version: &#039;3.4.0&#039;, revision: &#039;unknown&#039;, time: &#039;unknown&#039;
System info: host: &#039;MSTSYS0194&#039;, ip: &#039;10.10.100.133&#039;, os.name: &#039;Windows 10&#039;, os.arch: &#039;amd64&#039;, os.version: &#039;10.0&#039;, java.version: &#039;1.8.0_181&#039;
Driver info: org.openqa.selenium.chrome.ChromeDriver
Capabilities [{applicationCacheEnabled=false, rotatable=false, mobileEmulationEnabled=false, networkConnectionEnabled=false, chrome={chromedriverVersion=2.38.552522 (437e6fbedfa8762dec75e2c5b3ddb86763dc9dcb), userDataDir=C:\Users\MSTEMP~1\AppData\Local\Temp\scoped_dir4952_18858}, takesHeapSnapshot=true, pageLoadStrategy=normal, databaseEnabled=false, handlesAlerts=true, hasTouchScreen=false, version=71.0.3578.98, platform=XP, browserConnectionEnabled=false, nativeEvents=true, acceptSslCerts=false, acceptInsecureCerts=false, locationContextEnabled=true, webStorageEnabled=true, browserName=chrome, takesScreenshot=true, javascriptEnabled=true, cssSelectorsEnabled=true, setWindowRect=true, unexpectedAlertBehaviour=}]
Session ID: 0f8184f4f7707b0998e33e7546d70878
*** Element info: {Using=xpath, value=.//p[text()=&#039; Thank you for your submission!&#039;]}">
      <![CDATA[org.openqa.selenium.NoSuchElementException: no such element: Unable to locate element: {"method":"xpath","selector":".//p[text()=' Thank you for your submission!']"}
  (Session info: chrome=71.0.3578.98)
  (Driver info: chromedriver=2.38.552522 (437e6fbedfa8762dec75e2c5b3ddb86763dc9dcb),platform=Windows NT 10.0.17134 x86_64) (WARNING: The server did not provide any stacktrace information)
Command duration or timeout: 260 milliseconds
For documentation on this error, please visit: http://seleniumhq.org/exceptions/no_such_element.html
Build info: version: '3.4.0', revision: 'unknown', time: 'unknown'
System info: host: 'MSTSYS0194', ip: '10.10.100.133', os.name: 'Windows 10', os.arch: 'amd64', os.version: '10.0', java.version: '1.8.0_181'
Driver info: org.openqa.selenium.chrome.ChromeDriver
Capabilities [{applicationCacheEnabled=false, rotatable=false, mobileEmulationEnabled=false, networkConnectionEnabled=false, chrome={chromedriverVersion=2.38.552522 (437e6fbedfa8762dec75e2c5b3ddb86763dc9dcb), userDataDir=C:\Users\MSTEMP~1\AppData\Local\Temp\scoped_dir4952_18858}, takesHeapSnapshot=true, pageLoadStrategy=normal, databaseEnabled=false, handlesAlerts=true, hasTouchScreen=false, version=71.0.3578.98, platform=XP, browserConnectionEnabled=false, nativeEvents=true, acceptSslCerts=false, acceptInsecureCerts=false, locationContextEnabled=true, webStorageEnabled=true, browserName=chrome, takesScreenshot=true, javascriptEnabled=true, cssSelectorsEnabled=true, setWindowRect=true, unexpectedAlertBehaviour=}]
Session ID: 0f8184f4f7707b0998e33e7546d70878
*** Element info: {Using=xpath, value=.//p[text()=' Thank you for your submission!']}
at sun.reflect.NativeConstructorAccessorImpl.newInstance0(Native Method)
at sun.reflect.NativeConstructorAccessorImpl.newInstance(Unknown Source)
at sun.reflect.DelegatingConstructorAccessorImpl.newInstance(Unknown Source)
at java.lang.reflect.Constructor.newInstance(Unknown Source)
at org.openqa.selenium.remote.ErrorHandler.createThrowable(ErrorHandler.java:215)
at org.openqa.selenium.remote.ErrorHandler.throwIfResponseFailed(ErrorHandler.java:167)
at org.openqa.selenium.remote.RemoteWebDriver.execute(RemoteWebDriver.java:671)
at org.openqa.selenium.remote.RemoteWebDriver.findElement(RemoteWebDriver.java:410)
at org.openqa.selenium.remote.RemoteWebDriver.findElementByXPath(RemoteWebDriver.java:509)
at org.openqa.selenium.By$ByXPath.findElement(By.java:361)
at org.openqa.selenium.remote.RemoteWebDriver.findElement(RemoteWebDriver.java:402)
at org.openqa.selenium.support.pagefactory.DefaultElementLocator.findElement(DefaultElementLocator.java:69)
at org.openqa.selenium.support.pagefactory.internal.LocatingElementHandler.invoke(LocatingElementHandler.java:38)
at com.sun.proxy.$Proxy11.getWrappedElement(Unknown Source)
at org.openqa.selenium.remote.internal.WebElementToJsonConverter.apply(WebElementToJsonConverter.java:50)
at com.google.common.collect.Iterators$7.transform(Iterators.java:750)
at com.google.common.collect.TransformedIterator.next(TransformedIterator.java:47)
at com.google.common.collect.Iterators.addAll(Iterators.java:367)
at com.google.common.collect.Lists.newArrayList(Lists.java:165)
at com.google.common.collect.Lists.newArrayList(Lists.java:150)
at org.openqa.selenium.remote.RemoteWebDriver.executeScript(RemoteWebDriver.java:571)
at com.automationtraining.utilities.SeleniumUtils.highLightelements(SeleniumUtils.java:46)
at com.automationtraining.pageobject.Form101Page.formFilling(Form101Page.java:304)
at com.automationtraining.smokesuite.Form101.formFilling101(Form101.java:34)
at sun.reflect.NativeMethodAccessorImpl.invoke0(Native Method)
at sun.reflect.NativeMethodAccessorImpl.invoke(Unknown Source)
at sun.reflect.DelegatingMethodAccessorImpl.invoke(Unknown Source)
at java.lang.reflect.Method.invoke(Unknown Source)
at org.testng.internal.MethodInvocationHelper.invokeMethod(MethodInvocationHelper.java:124)
at org.testng.internal.Invoker.invokeMethod(Invoker.java:580)
at org.testng.internal.Invoker.retryFailed(Invoker.java:838)
at org.testng.internal.Invoker.invokeTestMethods(Invoker.java:1009)
at org.testng.internal.TestMethodWorker.invokeTestMethods(TestMethodWorker.java:125)
at org.testng.internal.TestMethodWorker.run(TestMethodWorker.java:109)
at org.testng.TestRunner.privateRun(TestRunner.java:648)
at org.testng.TestRunner.run(TestRunner.java:505)
at org.testng.SuiteRunner.runTest(SuiteRunner.java:455)
at org.testng.SuiteRunner.runSequentially(SuiteRunner.java:450)
at org.testng.SuiteRunner.privateRun(SuiteRunner.java:415)
at org.testng.SuiteRunner.run(SuiteRunner.java:364)
at org.testng.SuiteRunnerWorker.runSuite(SuiteRunnerWorker.java:52)
at org.testng.SuiteRunnerWorker.run(SuiteRunnerWorker.java:84)
at org.testng.TestNG.runSuitesSequentially(TestNG.java:1208)
at org.testng.TestNG.runSuitesLocally(TestNG.java:1137)
at org.testng.TestNG.runSuites(TestNG.java:1049)
at org.testng.TestNG.run(TestNG.java:1017)
at org.testng.remote.AbstractRemoteTestNG.run(AbstractRemoteTestNG.java:114)
at org.testng.remote.RemoteTestNG.initAndRun(RemoteTestNG.java:251)
at org.testng.remote.RemoteTestNG.main(RemoteTestNG.java:77)
]]>
    </error>
  </testcase> <!-- formFilling101 -->
  <testcase name="formFilling101" time="27.946" classname="com.automationtraining.smokesuite.Form101">
    <skipped/>
  </testcase> <!-- formFilling101 -->
</testsuite> <!-- com.automationtraining.smokesuite.Form101 -->
