<?xml version="1.0" encoding="UTF-8"?>
<!-- Generated by org.testng.reporters.JUnitReportReporter -->
<testsuite skipped="0" hostname="MSTSYS0194" name="com.automationtraining.smokesuite.Form101" tests="1" failures="0" timestamp="17 Dec 2018 12:48:27 GMT" time="78.091" errors="0">
  <testcase name="formFilling101" time="78.091" classname="com.automationtraining.smokesuite.Form101"/>
</testsuite> <!-- com.automationtraining.smokesuite.Form101 -->
