<?xml version="1.0" encoding="UTF-8"?>
<!-- Generated by org.testng.reporters.JUnitReportReporter -->
<testsuite skipped="0" hostname="MSTSYS0194" name="com.automationtraining.ExtentReportListener.ExtentReportsClass" tests="1" failures="0" timestamp="07 Dec 2018 13:07:41 GMT" time="0.827" errors="0">
  <testcase name="loginTest" time="0.827" classname="com.automationtraining.ExtentReportListener.ExtentReportsClass"/>
</testsuite> <!-- com.automationtraining.ExtentReportListener.ExtentReportsClass -->
