<?xml version="1.0" encoding="UTF-8"?>
<!-- Generated by org.testng.reporters.JUnitReportReporter -->
<testsuite skipped="0" hostname="MSTSYS0194" name="com.automationtraining.smokesuite.Form101" tests="2" failures="0" timestamp="20 Dec 2018 11:16:07 GMT" time="100.598" errors="0">
  <testcase name="formFilling101" time="63.954" classname="com.automationtraining.smokesuite.Form101"/>
  <testcase name="formFillingSignin" time="36.644" classname="com.automationtraining.smokesuite.Form101"/>
</testsuite> <!-- com.automationtraining.smokesuite.Form101 -->
