<?xml version="1.0" encoding="UTF-8"?>
<!-- Generated by org.testng.reporters.JUnitReportReporter -->
<testsuite skipped="0" hostname="MSTSYS0194" name="com.automationtraining.smokesuite.Form101" tests="1" failures="0" timestamp="29 Nov 2018 11:08:43 GMT" time="71.658" errors="0">
  <testcase name="actions" time="71.658" classname="com.automationtraining.smokesuite.Form101"/>
</testsuite> <!-- com.automationtraining.smokesuite.Form101 -->
