<?xml version="1.0" encoding="UTF-8"?>
<!-- Generated by org.testng.reporters.JUnitReportReporter -->
<testsuite skipped="0" hostname="MSTSYS0194" name="com.automationtraining.RegressionSuite.Form101Verification" tests="1" failures="0" timestamp="26 Dec 2018 06:08:34 GMT" time="168.226" errors="0">
  <testcase name="formFilling101" time="168.226" classname="com.automationtraining.RegressionSuite.Form101Verification"/>
</testsuite> <!-- com.automationtraining.RegressionSuite.Form101Verification -->
