<?xml version="1.0" encoding="UTF-8"?>
<!-- Generated by org.testng.reporters.JUnitReportReporter -->
<testsuite skipped="0" hostname="MSTSYS0194" name="com.automationtraining.RegressionSuite.Form101Verification" tests="1" failures="0" timestamp="27 Dec 2018 13:26:54 GMT" time="188.959" errors="0">
  <testcase name="formFilling101" time="188.959" classname="com.automationtraining.RegressionSuite.Form101Verification"/>
</testsuite> <!-- com.automationtraining.RegressionSuite.Form101Verification -->
